Thu Feb 10 14:56:26 CET 2022 - Logged user hospital in, id: "01FT69JP6XX5ZF0XKDT960P7S9", token: "QTEyOEdDTQ.T9HlxlmXHS5Y9t_6fWr2U6iE_BDWFriZGMBP_eQHOK5de4R5uKVwnpPxk1g.U-WYVudGdY65B_cM.LOkFcDyBjt_C6PoV_EDbNMXFh029rSzMLPcZeuoiOZllnI6m19txL-rIqCyoih1D.KlssFNihkApjPjyObhmGUQ"
Thu Feb 10 14:56:27 CET 2022 - Logged user cleaner in, id: "01FT69JVNXZD48QANV2GHQP3ZY", token: "QTEyOEdDTQ.bz7HT7mLn5Z7HRPldfphX_bafRcde_WwEuNBIa8Y2B4sgJqHh3cSTdJtGCM.XQ2TGCG6Amiubk-K.7tSEa9FrM78Pf4l5u8nUvwYW32nWEoqMqFrAUi3z_ETCeuZVy1mcLoyTKo7E2wIU.spGnqIDGLaUWXXDPqmgjpg"
Thu Feb 10 14:56:27 CET 2022 - Reading units from file init_reflow-demo.dyne.org.json
Thu Feb 10 14:56:27 CET 2022 - Read location for OLVG, id: "01FTR5XKWQDV7MAKM0PR3776MW"
Thu Feb 10 14:56:27 CET 2022 - Read location for CleanLease Eindhoven, id: "01FTR5XNRF2JYDKR3A2D1WABJN"
Thu Feb 10 14:56:27 CET 2022 - Read unit for gowns, id: "01FTR5XR0P5R3N3GY2ZAQDJWZ3"
Thu Feb 10 14:56:27 CET 2022 - Read unit for mass (kg), id: "01FTR5XRQYFYZ733W3S574H50Q"
Thu Feb 10 14:56:27 CET 2022 - Read unit for volume (litre), id: "01FTR5XS47KJ55YZCYH0W8YFXV"
Thu Feb 10 14:56:27 CET 2022 - Read unit for time (hour), id: "01FTR5XSKAS697BBGKEMP9TX2B"
Thu Feb 10 14:56:30 CET 2022 - Created process: Process create soap, process id: "01FVHYQJ8S56TRBDF46TQ2KFV9"
Thu Feb 10 14:56:35 CET 2022 - Created 100 kg soap with tracking id: soap-11856, id: "01FVHYQN92MPNPPZTKAXVFM5R9" owned by the cleaner, event id: "01FVHYQPZT7DXC81YJFQ8ECN8S"
Thu Feb 10 14:56:37 CET 2022 - Created process: Process create water, process id: "01FVHYQSXA5CCJ0NGVAYQ2FVHK"
Thu Feb 10 14:56:42 CET 2022 - Created 50 liters water with tracking id: water-3763, id: "01FVHYQWCXS4HGPMYA035YK3HS" owned by the cleaner, event id: "01FVHYQXRESH0KY5RX37SGJJVD"
Thu Feb 10 14:56:46 CET 2022 - Created process: Process create cotton, process id: "01FVHYR0QAXF6A7VYCSVYTCEX3"
Thu Feb 10 14:56:51 CET 2022 - Created 10 kg cotton with tracking id: cotton-20851, id: "01FVHYR4P5XPABF0G5CVCG74ZA" owned by the cleaner, event id: "01FVHYR6NQ1JH6KNK41TZSQ3B5"
Thu Feb 10 14:56:54 CET 2022 - Created process: Process sew gown, process id: "01FVHYR0QAXF6A7VYCSVYTCEX3"
Thu Feb 10 14:56:58 CET 2022 - Created event: consume cotton for sewing, event id: "01FVHYRD08M9C6EWVXCR3QSBY6", action consume 10 kg cotton as input for process: "01FVHYR9HFZ2CXHAWENHWRGDPK"
Thu Feb 10 14:57:04 CET 2022 - Created event: produce gown, event id: "01FVHYRK5F4ZD5CTE1GFSR4J07", action produce 1 gown with tracking id: gown-1343, id: "01FVHYRGRXWZCM4TQPFS2N1VVW" owned by the cleaner as output of process: "01FVHYR9HFZ2CXHAWENHWRGDPK"
Thu Feb 10 14:57:08 CET 2022 - Transferred custody of 1 gown to hospital with note: Transfer gowns to hospital, event id: "01FVHYRPM2R5MEF7WC0EJR21V4"
Thu Feb 10 14:57:12 CET 2022 - Created process: Process Use Gown, process id: "01FVHYRTBMH25HZAW4TXWF3PMX"
Thu Feb 10 14:57:16 CET 2022 - Created event: work perform surgery, event id: "01FVHYRYBVECRKSBWA2MQQ7GYR", action work 80 hours as input for process: "01FVHYRTBMH25HZAW4TXWF3PMX"
Thu Feb 10 14:57:20 CET 2022 - Created event: accept use for surgery, event id: "01FVHYS20A758132DNQVDSBV6P", action accept 1 gown as input for process: "01FVHYRTBMH25HZAW4TXWF3PMX"
Thu Feb 10 14:57:23 CET 2022 - Created event: modify dirty after use, event id: "01FVHYS6DWNWCKP30GSDGMMJ0H", action modify 1 gown as output for process: "01FVHYRTBMH25HZAW4TXWF3PMX"
Thu Feb 10 14:57:27 CET 2022 - Transferred custody of 1 gown to cleaner with note: Transfer gowns to cleaner, event id: "01FVHYS91ZJ2C1ZV9N5D492EFS"
Thu Feb 10 14:57:30 CET 2022 - Created process: Process Clean Gown, process id: "01FVHYSCGSYB86NQBD9BCMS392"
Thu Feb 10 14:57:32 CET 2022 - Created event: accept gowns to be cleaned, event id: "01FVHYSG11TDJ0V1FAQ27MPE5B", action accept 1 gown as input for process: "01FVHYSCGSYB86NQBD9BCMS392"
Thu Feb 10 14:57:36 CET 2022 - Created event: consume water for the washing, event id: "01FVHYSJKGN7AJKM8ZXW6MWNKG", action consume 25 liters water as input for process: "01FVHYSCGSYB86NQBD9BCMS392"
Thu Feb 10 14:57:39 CET 2022 - Created event: consume soap for the washing, event id: "01FVHYSNJ2PC9KMF8EAXFXX1RB", action consume 50 kg soap as input for process: "01FVHYSCGSYB86NQBD9BCMS392"
Thu Feb 10 14:57:42 CET 2022 - Created event: modify clean after washing, event id: "01FVHYSS4QYTJXPK8C3GHZY9NP", action modify 1 gown as output of process: "01FVHYSCGSYB86NQBD9BCMS392"
Thu Feb 10 14:57:42 CET 2022 - Doing trace and track gown: "01FVHYRGRXWZCM4TQPFS2N1VVW"
{
  "trace": [
    {
      "__typename": "EconomicEvent",
      "action": {
        "id": "consume"
      },
      "id": "01FVHYRD08M9C6EWVXCR3QSBY6",
      "note": "consume cotton for sewing",
      "provider": {
        "displayUsername": "a_tsc",
        "id": "01FT69JVNXZD48QANV2GHQP3ZY",
        "name": "CleanLease Eindhoven"
      },
      "receiver": {
        "displayUsername": "a_tsc",
        "id": "01FT69JVNXZD48QANV2GHQP3ZY",
        "name": "CleanLease Eindhoven"
      },
      "resourceClassifiedAs": [],
      "resourceInventoriedAs": null,
      "resourceQuantity": {
        "hasNumericalValue": 10,
        "hasUnit": {
          "id": "01FTR5XRQYFYZ733W3S574H50Q",
          "label": "kg",
          "symbol": "om2:kilogram"
        }
      }
    },
    {
      "__typename": "Process",
      "id": "01FVHYR9HFZ2CXHAWENHWRGDPK",
      "inputs": [
        {
          "action": {
            "id": "consume"
          },
          "id": "01FVHYRD08M9C6EWVXCR3QSBY6",
          "note": "consume cotton for sewing",
          "provider": {
            "displayUsername": "a_tsc",
            "id": "01FT69JVNXZD48QANV2GHQP3ZY",
            "name": "CleanLease Eindhoven"
          },
          "receiver": {
            "displayUsername": "a_tsc",
            "id": "01FT69JVNXZD48QANV2GHQP3ZY",
            "name": "CleanLease Eindhoven"
          },
          "resourceClassifiedAs": [],
          "resourceInventoriedAs": null,
          "resourceQuantity": {
            "hasNumericalValue": 10,
            "hasUnit": {
              "id": "01FTR5XRQYFYZ733W3S574H50Q",
              "label": "kg",
              "symbol": "om2:kilogram"
            }
          }
        }
      ],
      "note": "Sew gown process performed by CleanLease Eindhoven",
      "outputs": [
        {
          "action": {
            "id": "produce"
          },
          "id": "01FVHYRK5F4ZD5CTE1GFSR4J07",
          "note": "produce gown",
          "provider": {
            "displayUsername": "a_tsc",
            "id": "01FT69JVNXZD48QANV2GHQP3ZY",
            "name": "CleanLease Eindhoven"
          },
          "receiver": {
            "displayUsername": "a_tsc",
            "id": "01FT69JVNXZD48QANV2GHQP3ZY",
            "name": "CleanLease Eindhoven"
          },
          "resourceClassifiedAs": [],
          "resourceInventoriedAs": {
            "accountingQuantity": {
              "hasNumericalValue": 1,
              "hasUnit": {
                "id": "01FTR5XR0P5R3N3GY2ZAQDJWZ3",
                "label": "u_piece",
                "symbol": "om2:one"
              }
            },
            "currentLocation": null,
            "id": "01FVHYRGRXWZCM4TQPFS2N1VVW",
            "note": null,
            "onhandQuantity": {
              "hasNumericalValue": -1,
              "hasUnit": {
                "id": "01FTR5XR0P5R3N3GY2ZAQDJWZ3",
                "label": "u_piece",
                "symbol": "om2:one"
              }
            },
            "primaryAccountable": {
              "displayUsername": "a_tsc",
              "id": "01FT69JVNXZD48QANV2GHQP3ZY",
              "name": "CleanLease Eindhoven"
            },
            "resourceName": "produce gown",
            "trackingIdentifier": null
          },
          "resourceQuantity": {
            "hasNumericalValue": 1,
            "hasUnit": {
              "id": "01FTR5XR0P5R3N3GY2ZAQDJWZ3",
              "label": "u_piece",
              "symbol": "om2:one"
            }
          }
        }
      ],
      "processName": "Process sew gown"
    },
    {
      "__typename": "EconomicEvent",
      "action": {
        "id": "produce"
      },
      "id": "01FVHYRK5F4ZD5CTE1GFSR4J07",
      "note": "produce gown",
      "provider": {
        "displayUsername": "a_tsc",
        "id": "01FT69JVNXZD48QANV2GHQP3ZY",
        "name": "CleanLease Eindhoven"
      },
      "receiver": {
        "displayUsername": "a_tsc",
        "id": "01FT69JVNXZD48QANV2GHQP3ZY",
        "name": "CleanLease Eindhoven"
      },
      "resourceClassifiedAs": [],
      "resourceInventoriedAs": {
        "accountingQuantity": {
          "hasNumericalValue": 1,
          "hasUnit": {
            "id": "01FTR5XR0P5R3N3GY2ZAQDJWZ3",
            "label": "u_piece",
            "symbol": "om2:one"
          }
        },
        "currentLocation": null,
        "id": "01FVHYRGRXWZCM4TQPFS2N1VVW",
        "note": null,
        "onhandQuantity": {
          "hasNumericalValue": -1,
          "hasUnit": {
            "id": "01FTR5XR0P5R3N3GY2ZAQDJWZ3",
            "label": "u_piece",
            "symbol": "om2:one"
          }
        },
        "primaryAccountable": {
          "displayUsername": "a_tsc",
          "id": "01FT69JVNXZD48QANV2GHQP3ZY",
          "name": "CleanLease Eindhoven"
        },
        "resourceName": "produce gown",
        "trackingIdentifier": null
      },
      "resourceQuantity": {
        "hasNumericalValue": 1,
        "hasUnit": {
          "id": "01FTR5XR0P5R3N3GY2ZAQDJWZ3",
          "label": "u_piece",
          "symbol": "om2:one"
        }
      }
    },
    {
      "__typename": "EconomicEvent",
      "action": {
        "id": "modify"
      },
      "id": "01FVHYS6DWNWCKP30GSDGMMJ0H",
      "note": "modify dirty after use",
      "provider": {
        "displayUsername": "a_tsc",
        "id": "01FT69JVNXZD48QANV2GHQP3ZY",
        "name": "CleanLease Eindhoven"
      },
      "receiver": {
        "displayUsername": "a_hospital",
        "id": "01FT69JP6XX5ZF0XKDT960P7S9",
        "name": "OLVG locatie oost"
      },
      "resourceClassifiedAs": [],
      "resourceInventoriedAs": {
        "accountingQuantity": {
          "hasNumericalValue": 1,
          "hasUnit": {
            "id": "01FTR5XR0P5R3N3GY2ZAQDJWZ3",
            "label": "u_piece",
            "symbol": "om2:one"
          }
        },
        "currentLocation": null,
        "id": "01FVHYRGRXWZCM4TQPFS2N1VVW",
        "note": null,
        "onhandQuantity": {
          "hasNumericalValue": -1,
          "hasUnit": {
            "id": "01FTR5XR0P5R3N3GY2ZAQDJWZ3",
            "label": "u_piece",
            "symbol": "om2:one"
          }
        },
        "primaryAccountable": {
          "displayUsername": "a_tsc",
          "id": "01FT69JVNXZD48QANV2GHQP3ZY",
          "name": "CleanLease Eindhoven"
        },
        "resourceName": "produce gown",
        "trackingIdentifier": null
      },
      "resourceQuantity": {
        "hasNumericalValue": 1,
        "hasUnit": {
          "id": "01FTR5XR0P5R3N3GY2ZAQDJWZ3",
          "label": "u_piece",
          "symbol": "om2:one"
        }
      }
    },
    {
      "__typename": "EconomicEvent",
      "action": {
        "id": "modify"
      },
      "id": "01FVHYSS4QYTJXPK8C3GHZY9NP",
      "note": "modify clean after washing",
      "provider": {
        "displayUsername": "a_tsc",
        "id": "01FT69JVNXZD48QANV2GHQP3ZY",
        "name": "CleanLease Eindhoven"
      },
      "receiver": {
        "displayUsername": "a_tsc",
        "id": "01FT69JVNXZD48QANV2GHQP3ZY",
        "name": "CleanLease Eindhoven"
      },
      "resourceClassifiedAs": [],
      "resourceInventoriedAs": {
        "accountingQuantity": {
          "hasNumericalValue": 1,
          "hasUnit": {
            "id": "01FTR5XR0P5R3N3GY2ZAQDJWZ3",
            "label": "u_piece",
            "symbol": "om2:one"
          }
        },
        "currentLocation": null,
        "id": "01FVHYRGRXWZCM4TQPFS2N1VVW",
        "note": null,
        "onhandQuantity": {
          "hasNumericalValue": -1,
          "hasUnit": {
            "id": "01FTR5XR0P5R3N3GY2ZAQDJWZ3",
            "label": "u_piece",
            "symbol": "om2:one"
          }
        },
        "primaryAccountable": {
          "displayUsername": "a_tsc",
          "id": "01FT69JVNXZD48QANV2GHQP3ZY",
          "name": "CleanLease Eindhoven"
        },
        "resourceName": "produce gown",
        "trackingIdentifier": null
      },
      "resourceQuantity": {
        "hasNumericalValue": 1,
        "hasUnit": {
          "id": "01FTR5XR0P5R3N3GY2ZAQDJWZ3",
          "label": "u_piece",
          "symbol": "om2:one"
        }
      }
    },
    {
      "__typename": "EconomicResource",
      "accountingQuantity": {
        "hasNumericalValue": 1,
        "hasUnit": {
          "id": "01FTR5XR0P5R3N3GY2ZAQDJWZ3",
          "label": "u_piece",
          "symbol": "om2:one"
        }
      },
      "currentLocation": null,
      "id": "01FVHYRGRXWZCM4TQPFS2N1VVW",
      "note": null,
      "onhandQuantity": {
        "hasNumericalValue": -1,
        "hasUnit": {
          "id": "01FTR5XR0P5R3N3GY2ZAQDJWZ3",
          "label": "u_piece",
          "symbol": "om2:one"
        }
      },
      "primaryAccountable": {
        "displayUsername": "a_tsc",
        "id": "01FT69JVNXZD48QANV2GHQP3ZY",
        "name": "CleanLease Eindhoven"
      },
      "resourceName": "produce gown",
      "trackingIdentifier": null
    },
    {
      "__typename": "EconomicEvent",
      "action": {
        "id": "accept"
      },
      "id": "01FVHYS20A758132DNQVDSBV6P",
      "note": "accept use for surgery",
      "provider": {
        "displayUsername": "a_tsc",
        "id": "01FT69JVNXZD48QANV2GHQP3ZY",
        "name": "CleanLease Eindhoven"
      },
      "receiver": {
        "displayUsername": "a_hospital",
        "id": "01FT69JP6XX5ZF0XKDT960P7S9",
        "name": "OLVG locatie oost"
      },
      "resourceClassifiedAs": [],
      "resourceInventoriedAs": {
        "accountingQuantity": {
          "hasNumericalValue": 1,
          "hasUnit": {
            "id": "01FTR5XR0P5R3N3GY2ZAQDJWZ3",
            "label": "u_piece",
            "symbol": "om2:one"
          }
        },
        "currentLocation": null,
        "id": "01FVHYRGRXWZCM4TQPFS2N1VVW",
        "note": null,
        "onhandQuantity": {
          "hasNumericalValue": -1,
          "hasUnit": {
            "id": "01FTR5XR0P5R3N3GY2ZAQDJWZ3",
            "label": "u_piece",
            "symbol": "om2:one"
          }
        },
        "primaryAccountable": {
          "displayUsername": "a_tsc",
          "id": "01FT69JVNXZD48QANV2GHQP3ZY",
          "name": "CleanLease Eindhoven"
        },
        "resourceName": "produce gown",
        "trackingIdentifier": null
      },
      "resourceQuantity": {
        "hasNumericalValue": 1,
        "hasUnit": {
          "id": "01FTR5XR0P5R3N3GY2ZAQDJWZ3",
          "label": "u_piece",
          "symbol": "om2:one"
        }
      }
    },
    {
      "__typename": "EconomicEvent",
      "action": {
        "id": "work"
      },
      "id": "01FVHYRYBVECRKSBWA2MQQ7GYR",
      "note": "work perform surgery",
      "provider": {
        "displayUsername": "a_hospital",
        "id": "01FT69JP6XX5ZF0XKDT960P7S9",
        "name": "OLVG locatie oost"
      },
      "receiver": {
        "displayUsername": "a_hospital",
        "id": "01FT69JP6XX5ZF0XKDT960P7S9",
        "name": "OLVG locatie oost"
      },
      "resourceClassifiedAs": [],
      "resourceInventoriedAs": null,
      "resourceQuantity": {
        "hasNumericalValue": 80,
        "hasUnit": {
          "id": "01FTR5XSKAS697BBGKEMP9TX2B",
          "label": "h",
          "symbol": "om2:hour"
        }
      }
    },
    {
      "__typename": "Process",
      "id": "01FVHYRTBMH25HZAW4TXWF3PMX",
      "inputs": [
        {
          "action": {
            "id": "accept"
          },
          "id": "01FVHYS20A758132DNQVDSBV6P",
          "note": "accept use for surgery",
          "provider": {
            "displayUsername": "a_tsc",
            "id": "01FT69JVNXZD48QANV2GHQP3ZY",
            "name": "CleanLease Eindhoven"
          },
          "receiver": {
            "displayUsername": "a_hospital",
            "id": "01FT69JP6XX5ZF0XKDT960P7S9",
            "name": "OLVG locatie oost"
          },
          "resourceClassifiedAs": [],
          "resourceInventoriedAs": {
            "accountingQuantity": {
              "hasNumericalValue": 1,
              "hasUnit": {
                "id": "01FTR5XR0P5R3N3GY2ZAQDJWZ3",
                "label": "u_piece",
                "symbol": "om2:one"
              }
            },
            "currentLocation": null,
            "id": "01FVHYRGRXWZCM4TQPFS2N1VVW",
            "note": null,
            "onhandQuantity": {
              "hasNumericalValue": -1,
              "hasUnit": {
                "id": "01FTR5XR0P5R3N3GY2ZAQDJWZ3",
                "label": "u_piece",
                "symbol": "om2:one"
              }
            },
            "primaryAccountable": {
              "displayUsername": "a_tsc",
              "id": "01FT69JVNXZD48QANV2GHQP3ZY",
              "name": "CleanLease Eindhoven"
            },
            "resourceName": "produce gown",
            "trackingIdentifier": null
          },
          "resourceQuantity": {
            "hasNumericalValue": 1,
            "hasUnit": {
              "id": "01FTR5XR0P5R3N3GY2ZAQDJWZ3",
              "label": "u_piece",
              "symbol": "om2:one"
            }
          }
        },
        {
          "action": {
            "id": "work"
          },
          "id": "01FVHYRYBVECRKSBWA2MQQ7GYR",
          "note": "work perform surgery",
          "provider": {
            "displayUsername": "a_hospital",
            "id": "01FT69JP6XX5ZF0XKDT960P7S9",
            "name": "OLVG locatie oost"
          },
          "receiver": {
            "displayUsername": "a_hospital",
            "id": "01FT69JP6XX5ZF0XKDT960P7S9",
            "name": "OLVG locatie oost"
          },
          "resourceClassifiedAs": [],
          "resourceInventoriedAs": null,
          "resourceQuantity": {
            "hasNumericalValue": 80,
            "hasUnit": {
              "id": "01FTR5XSKAS697BBGKEMP9TX2B",
              "label": "h",
              "symbol": "om2:hour"
            }
          }
        }
      ],
      "note": "Use gown process performed at OLVG",
      "outputs": [
        {
          "action": {
            "id": "modify"
          },
          "id": "01FVHYS6DWNWCKP30GSDGMMJ0H",
          "note": "modify dirty after use",
          "provider": {
            "displayUsername": "a_tsc",
            "id": "01FT69JVNXZD48QANV2GHQP3ZY",
            "name": "CleanLease Eindhoven"
          },
          "receiver": {
            "displayUsername": "a_hospital",
            "id": "01FT69JP6XX5ZF0XKDT960P7S9",
            "name": "OLVG locatie oost"
          },
          "resourceClassifiedAs": [],
          "resourceInventoriedAs": {
            "accountingQuantity": {
              "hasNumericalValue": 1,
              "hasUnit": {
                "id": "01FTR5XR0P5R3N3GY2ZAQDJWZ3",
                "label": "u_piece",
                "symbol": "om2:one"
              }
            },
            "currentLocation": null,
            "id": "01FVHYRGRXWZCM4TQPFS2N1VVW",
            "note": null,
            "onhandQuantity": {
              "hasNumericalValue": -1,
              "hasUnit": {
                "id": "01FTR5XR0P5R3N3GY2ZAQDJWZ3",
                "label": "u_piece",
                "symbol": "om2:one"
              }
            },
            "primaryAccountable": {
              "displayUsername": "a_tsc",
              "id": "01FT69JVNXZD48QANV2GHQP3ZY",
              "name": "CleanLease Eindhoven"
            },
            "resourceName": "produce gown",
            "trackingIdentifier": null
          },
          "resourceQuantity": {
            "hasNumericalValue": 1,
            "hasUnit": {
              "id": "01FTR5XR0P5R3N3GY2ZAQDJWZ3",
              "label": "u_piece",
              "symbol": "om2:one"
            }
          }
        }
      ],
      "processName": "Process Use Gown"
    },
    {
      "__typename": "EconomicEvent",
      "action": {
        "id": "accept"
      },
      "id": "01FVHYSG11TDJ0V1FAQ27MPE5B",
      "note": "accept gowns to be cleaned",
      "provider": {
        "displayUsername": "a_tsc",
        "id": "01FT69JVNXZD48QANV2GHQP3ZY",
        "name": "CleanLease Eindhoven"
      },
      "receiver": {
        "displayUsername": "a_tsc",
        "id": "01FT69JVNXZD48QANV2GHQP3ZY",
        "name": "CleanLease Eindhoven"
      },
      "resourceClassifiedAs": [],
      "resourceInventoriedAs": {
        "accountingQuantity": {
          "hasNumericalValue": 1,
          "hasUnit": {
            "id": "01FTR5XR0P5R3N3GY2ZAQDJWZ3",
            "label": "u_piece",
            "symbol": "om2:one"
          }
        },
        "currentLocation": null,
        "id": "01FVHYRGRXWZCM4TQPFS2N1VVW",
        "note": null,
        "onhandQuantity": {
          "hasNumericalValue": -1,
          "hasUnit": {
            "id": "01FTR5XR0P5R3N3GY2ZAQDJWZ3",
            "label": "u_piece",
            "symbol": "om2:one"
          }
        },
        "primaryAccountable": {
          "displayUsername": "a_tsc",
          "id": "01FT69JVNXZD48QANV2GHQP3ZY",
          "name": "CleanLease Eindhoven"
        },
        "resourceName": "produce gown",
        "trackingIdentifier": null
      },
      "resourceQuantity": {
        "hasNumericalValue": 1,
        "hasUnit": {
          "id": "01FTR5XR0P5R3N3GY2ZAQDJWZ3",
          "label": "u_piece",
          "symbol": "om2:one"
        }
      }
    },
    {
      "__typename": "EconomicEvent",
      "action": {
        "id": "consume"
      },
      "id": "01FVHYSNJ2PC9KMF8EAXFXX1RB",
      "note": "consume soap for the washing",
      "provider": {
        "displayUsername": "a_tsc",
        "id": "01FT69JVNXZD48QANV2GHQP3ZY",
        "name": "CleanLease Eindhoven"
      },
      "receiver": {
        "displayUsername": "a_tsc",
        "id": "01FT69JVNXZD48QANV2GHQP3ZY",
        "name": "CleanLease Eindhoven"
      },
      "resourceClassifiedAs": [],
      "resourceInventoriedAs": null,
      "resourceQuantity": {
        "hasNumericalValue": 50,
        "hasUnit": {
          "id": "01FTR5XRQYFYZ733W3S574H50Q",
          "label": "kg",
          "symbol": "om2:kilogram"
        }
      }
    },
    {
      "__typename": "EconomicEvent",
      "action": {
        "id": "consume"
      },
      "id": "01FVHYSJKGN7AJKM8ZXW6MWNKG",
      "note": "consume water for the washing",
      "provider": {
        "displayUsername": "a_tsc",
        "id": "01FT69JVNXZD48QANV2GHQP3ZY",
        "name": "CleanLease Eindhoven"
      },
      "receiver": {
        "displayUsername": "a_tsc",
        "id": "01FT69JVNXZD48QANV2GHQP3ZY",
        "name": "CleanLease Eindhoven"
      },
      "resourceClassifiedAs": [],
      "resourceInventoriedAs": null,
      "resourceQuantity": {
        "hasNumericalValue": 25,
        "hasUnit": {
          "id": "01FTR5XS47KJ55YZCYH0W8YFXV",
          "label": "lt",
          "symbol": "om2:litre"
        }
      }
    },
    {
      "__typename": "Process",
      "id": "01FVHYSCGSYB86NQBD9BCMS392",
      "inputs": [
        {
          "action": {
            "id": "accept"
          },
          "id": "01FVHYSG11TDJ0V1FAQ27MPE5B",
          "note": "accept gowns to be cleaned",
          "provider": {
            "displayUsername": "a_tsc",
            "id": "01FT69JVNXZD48QANV2GHQP3ZY",
            "name": "CleanLease Eindhoven"
          },
          "receiver": {
            "displayUsername": "a_tsc",
            "id": "01FT69JVNXZD48QANV2GHQP3ZY",
            "name": "CleanLease Eindhoven"
          },
          "resourceClassifiedAs": [],
          "resourceInventoriedAs": {
            "accountingQuantity": {
              "hasNumericalValue": 1,
              "hasUnit": {
                "id": "01FTR5XR0P5R3N3GY2ZAQDJWZ3",
                "label": "u_piece",
                "symbol": "om2:one"
              }
            },
            "currentLocation": null,
            "id": "01FVHYRGRXWZCM4TQPFS2N1VVW",
            "note": null,
            "onhandQuantity": {
              "hasNumericalValue": -1,
              "hasUnit": {
                "id": "01FTR5XR0P5R3N3GY2ZAQDJWZ3",
                "label": "u_piece",
                "symbol": "om2:one"
              }
            },
            "primaryAccountable": {
              "displayUsername": "a_tsc",
              "id": "01FT69JVNXZD48QANV2GHQP3ZY",
              "name": "CleanLease Eindhoven"
            },
            "resourceName": "produce gown",
            "trackingIdentifier": null
          },
          "resourceQuantity": {
            "hasNumericalValue": 1,
            "hasUnit": {
              "id": "01FTR5XR0P5R3N3GY2ZAQDJWZ3",
              "label": "u_piece",
              "symbol": "om2:one"
            }
          }
        },
        {
          "action": {
            "id": "consume"
          },
          "id": "01FVHYSNJ2PC9KMF8EAXFXX1RB",
          "note": "consume soap for the washing",
          "provider": {
            "displayUsername": "a_tsc",
            "id": "01FT69JVNXZD48QANV2GHQP3ZY",
            "name": "CleanLease Eindhoven"
          },
          "receiver": {
            "displayUsername": "a_tsc",
            "id": "01FT69JVNXZD48QANV2GHQP3ZY",
            "name": "CleanLease Eindhoven"
          },
          "resourceClassifiedAs": [],
          "resourceInventoriedAs": null,
          "resourceQuantity": {
            "hasNumericalValue": 50,
            "hasUnit": {
              "id": "01FTR5XRQYFYZ733W3S574H50Q",
              "label": "kg",
              "symbol": "om2:kilogram"
            }
          }
        },
        {
          "action": {
            "id": "consume"
          },
          "id": "01FVHYSJKGN7AJKM8ZXW6MWNKG",
          "note": "consume water for the washing",
          "provider": {
            "displayUsername": "a_tsc",
            "id": "01FT69JVNXZD48QANV2GHQP3ZY",
            "name": "CleanLease Eindhoven"
          },
          "receiver": {
            "displayUsername": "a_tsc",
            "id": "01FT69JVNXZD48QANV2GHQP3ZY",
            "name": "CleanLease Eindhoven"
          },
          "resourceClassifiedAs": [],
          "resourceInventoriedAs": null,
          "resourceQuantity": {
            "hasNumericalValue": 25,
            "hasUnit": {
              "id": "01FTR5XS47KJ55YZCYH0W8YFXV",
              "label": "lt",
              "symbol": "om2:litre"
            }
          }
        }
      ],
      "note": "Clean gown process performed at CleanLease Eindhoven",
      "outputs": [
        {
          "action": {
            "id": "modify"
          },
          "id": "01FVHYSS4QYTJXPK8C3GHZY9NP",
          "note": "modify clean after washing",
          "provider": {
            "displayUsername": "a_tsc",
            "id": "01FT69JVNXZD48QANV2GHQP3ZY",
            "name": "CleanLease Eindhoven"
          },
          "receiver": {
            "displayUsername": "a_tsc",
            "id": "01FT69JVNXZD48QANV2GHQP3ZY",
            "name": "CleanLease Eindhoven"
          },
          "resourceClassifiedAs": [],
          "resourceInventoriedAs": {
            "accountingQuantity": {
              "hasNumericalValue": 1,
              "hasUnit": {
                "id": "01FTR5XR0P5R3N3GY2ZAQDJWZ3",
                "label": "u_piece",
                "symbol": "om2:one"
              }
            },
            "currentLocation": null,
            "id": "01FVHYRGRXWZCM4TQPFS2N1VVW",
            "note": null,
            "onhandQuantity": {
              "hasNumericalValue": -1,
              "hasUnit": {
                "id": "01FTR5XR0P5R3N3GY2ZAQDJWZ3",
                "label": "u_piece",
                "symbol": "om2:one"
              }
            },
            "primaryAccountable": {
              "displayUsername": "a_tsc",
              "id": "01FT69JVNXZD48QANV2GHQP3ZY",
              "name": "CleanLease Eindhoven"
            },
            "resourceName": "produce gown",
            "trackingIdentifier": null
          },
          "resourceQuantity": {
            "hasNumericalValue": 1,
            "hasUnit": {
              "id": "01FTR5XR0P5R3N3GY2ZAQDJWZ3",
              "label": "u_piece",
              "symbol": "om2:one"
            }
          }
        }
      ],
      "processName": "Process Clean Gown"
    }
  ],
  "track": [
    {
      "__typename": "EconomicEvent",
      "action": {
        "id": "accept"
      },
      "id": "01FVHYSG11TDJ0V1FAQ27MPE5B",
      "note": "accept gowns to be cleaned",
      "provider": {
        "displayUsername": "a_tsc",
        "id": "01FT69JVNXZD48QANV2GHQP3ZY",
        "name": "CleanLease Eindhoven"
      },
      "receiver": {
        "displayUsername": "a_tsc",
        "id": "01FT69JVNXZD48QANV2GHQP3ZY",
        "name": "CleanLease Eindhoven"
      },
      "resourceClassifiedAs": [],
      "resourceInventoriedAs": {
        "accountingQuantity": {
          "hasNumericalValue": 1,
          "hasUnit": {
            "id": "01FTR5XR0P5R3N3GY2ZAQDJWZ3",
            "label": "u_piece",
            "symbol": "om2:one"
          }
        },
        "currentLocation": null,
        "id": "01FVHYRGRXWZCM4TQPFS2N1VVW",
        "note": null,
        "onhandQuantity": {
          "hasNumericalValue": -1,
          "hasUnit": {
            "id": "01FTR5XR0P5R3N3GY2ZAQDJWZ3",
            "label": "u_piece",
            "symbol": "om2:one"
          }
        },
        "primaryAccountable": {
          "displayUsername": "a_tsc",
          "id": "01FT69JVNXZD48QANV2GHQP3ZY",
          "name": "CleanLease Eindhoven"
        },
        "resourceName": "produce gown",
        "trackingIdentifier": null
      },
      "resourceQuantity": {
        "hasNumericalValue": 1,
        "hasUnit": {
          "id": "01FTR5XR0P5R3N3GY2ZAQDJWZ3",
          "label": "u_piece",
          "symbol": "om2:one"
        }
      }
    },
    {
      "__typename": "EconomicEvent",
      "action": {
        "id": "accept"
      },
      "id": "01FVHYS20A758132DNQVDSBV6P",
      "note": "accept use for surgery",
      "provider": {
        "displayUsername": "a_tsc",
        "id": "01FT69JVNXZD48QANV2GHQP3ZY",
        "name": "CleanLease Eindhoven"
      },
      "receiver": {
        "displayUsername": "a_hospital",
        "id": "01FT69JP6XX5ZF0XKDT960P7S9",
        "name": "OLVG locatie oost"
      },
      "resourceClassifiedAs": [],
      "resourceInventoriedAs": {
        "accountingQuantity": {
          "hasNumericalValue": 1,
          "hasUnit": {
            "id": "01FTR5XR0P5R3N3GY2ZAQDJWZ3",
            "label": "u_piece",
            "symbol": "om2:one"
          }
        },
        "currentLocation": null,
        "id": "01FVHYRGRXWZCM4TQPFS2N1VVW",
        "note": null,
        "onhandQuantity": {
          "hasNumericalValue": -1,
          "hasUnit": {
            "id": "01FTR5XR0P5R3N3GY2ZAQDJWZ3",
            "label": "u_piece",
            "symbol": "om2:one"
          }
        },
        "primaryAccountable": {
          "displayUsername": "a_tsc",
          "id": "01FT69JVNXZD48QANV2GHQP3ZY",
          "name": "CleanLease Eindhoven"
        },
        "resourceName": "produce gown",
        "trackingIdentifier": null
      },
      "resourceQuantity": {
        "hasNumericalValue": 1,
        "hasUnit": {
          "id": "01FTR5XR0P5R3N3GY2ZAQDJWZ3",
          "label": "u_piece",
          "symbol": "om2:one"
        }
      }
    },
    {
      "__typename": "EconomicResource",
      "accountingQuantity": {
        "hasNumericalValue": 1,
        "hasUnit": {
          "id": "01FTR5XR0P5R3N3GY2ZAQDJWZ3",
          "label": "u_piece",
          "symbol": "om2:one"
        }
      },
      "currentLocation": null,
      "id": "01FVHYRGRXWZCM4TQPFS2N1VVW",
      "note": null,
      "onhandQuantity": {
        "hasNumericalValue": -1,
        "hasUnit": {
          "id": "01FTR5XR0P5R3N3GY2ZAQDJWZ3",
          "label": "u_piece",
          "symbol": "om2:one"
        }
      },
      "primaryAccountable": {
        "displayUsername": "a_tsc",
        "id": "01FT69JVNXZD48QANV2GHQP3ZY",
        "name": "CleanLease Eindhoven"
      },
      "resourceName": "produce gown",
      "trackingIdentifier": null
    },
    {
      "__typename": "EconomicEvent",
      "action": {
        "id": "modify"
      },
      "id": "01FVHYSS4QYTJXPK8C3GHZY9NP",
      "note": "modify clean after washing",
      "provider": {
        "displayUsername": "a_tsc",
        "id": "01FT69JVNXZD48QANV2GHQP3ZY",
        "name": "CleanLease Eindhoven"
      },
      "receiver": {
        "displayUsername": "a_tsc",
        "id": "01FT69JVNXZD48QANV2GHQP3ZY",
        "name": "CleanLease Eindhoven"
      },
      "resourceClassifiedAs": [],
      "resourceInventoriedAs": {
        "accountingQuantity": {
          "hasNumericalValue": 1,
          "hasUnit": {
            "id": "01FTR5XR0P5R3N3GY2ZAQDJWZ3",
            "label": "u_piece",
            "symbol": "om2:one"
          }
        },
        "currentLocation": null,
        "id": "01FVHYRGRXWZCM4TQPFS2N1VVW",
        "note": null,
        "onhandQuantity": {
          "hasNumericalValue": -1,
          "hasUnit": {
            "id": "01FTR5XR0P5R3N3GY2ZAQDJWZ3",
            "label": "u_piece",
            "symbol": "om2:one"
          }
        },
        "primaryAccountable": {
          "displayUsername": "a_tsc",
          "id": "01FT69JVNXZD48QANV2GHQP3ZY",
          "name": "CleanLease Eindhoven"
        },
        "resourceName": "produce gown",
        "trackingIdentifier": null
      },
      "resourceQuantity": {
        "hasNumericalValue": 1,
        "hasUnit": {
          "id": "01FTR5XR0P5R3N3GY2ZAQDJWZ3",
          "label": "u_piece",
          "symbol": "om2:one"
        }
      }
    },
    {
      "__typename": "Process",
      "id": "01FVHYSCGSYB86NQBD9BCMS392",
      "inputs": [
        {
          "action": {
            "id": "accept"
          },
          "id": "01FVHYSG11TDJ0V1FAQ27MPE5B",
          "note": "accept gowns to be cleaned",
          "provider": {
            "displayUsername": "a_tsc",
            "id": "01FT69JVNXZD48QANV2GHQP3ZY",
            "name": "CleanLease Eindhoven"
          },
          "receiver": {
            "displayUsername": "a_tsc",
            "id": "01FT69JVNXZD48QANV2GHQP3ZY",
            "name": "CleanLease Eindhoven"
          },
          "resourceClassifiedAs": [],
          "resourceInventoriedAs": {
            "accountingQuantity": {
              "hasNumericalValue": 1,
              "hasUnit": {
                "id": "01FTR5XR0P5R3N3GY2ZAQDJWZ3",
                "label": "u_piece",
                "symbol": "om2:one"
              }
            },
            "currentLocation": null,
            "id": "01FVHYRGRXWZCM4TQPFS2N1VVW",
            "note": null,
            "onhandQuantity": {
              "hasNumericalValue": -1,
              "hasUnit": {
                "id": "01FTR5XR0P5R3N3GY2ZAQDJWZ3",
                "label": "u_piece",
                "symbol": "om2:one"
              }
            },
            "primaryAccountable": {
              "displayUsername": "a_tsc",
              "id": "01FT69JVNXZD48QANV2GHQP3ZY",
              "name": "CleanLease Eindhoven"
            },
            "resourceName": "produce gown",
            "trackingIdentifier": null
          },
          "resourceQuantity": {
            "hasNumericalValue": 1,
            "hasUnit": {
              "id": "01FTR5XR0P5R3N3GY2ZAQDJWZ3",
              "label": "u_piece",
              "symbol": "om2:one"
            }
          }
        },
        {
          "action": {
            "id": "consume"
          },
          "id": "01FVHYSNJ2PC9KMF8EAXFXX1RB",
          "note": "consume soap for the washing",
          "provider": {
            "displayUsername": "a_tsc",
            "id": "01FT69JVNXZD48QANV2GHQP3ZY",
            "name": "CleanLease Eindhoven"
          },
          "receiver": {
            "displayUsername": "a_tsc",
            "id": "01FT69JVNXZD48QANV2GHQP3ZY",
            "name": "CleanLease Eindhoven"
          },
          "resourceClassifiedAs": [],
          "resourceInventoriedAs": null,
          "resourceQuantity": {
            "hasNumericalValue": 50,
            "hasUnit": {
              "id": "01FTR5XRQYFYZ733W3S574H50Q",
              "label": "kg",
              "symbol": "om2:kilogram"
            }
          }
        },
        {
          "action": {
            "id": "consume"
          },
          "id": "01FVHYSJKGN7AJKM8ZXW6MWNKG",
          "note": "consume water for the washing",
          "provider": {
            "displayUsername": "a_tsc",
            "id": "01FT69JVNXZD48QANV2GHQP3ZY",
            "name": "CleanLease Eindhoven"
          },
          "receiver": {
            "displayUsername": "a_tsc",
            "id": "01FT69JVNXZD48QANV2GHQP3ZY",
            "name": "CleanLease Eindhoven"
          },
          "resourceClassifiedAs": [],
          "resourceInventoriedAs": null,
          "resourceQuantity": {
            "hasNumericalValue": 25,
            "hasUnit": {
              "id": "01FTR5XS47KJ55YZCYH0W8YFXV",
              "label": "lt",
              "symbol": "om2:litre"
            }
          }
        }
      ],
      "note": "Clean gown process performed at CleanLease Eindhoven",
      "outputs": [
        {
          "action": {
            "id": "modify"
          },
          "id": "01FVHYSS4QYTJXPK8C3GHZY9NP",
          "note": "modify clean after washing",
          "provider": {
            "displayUsername": "a_tsc",
            "id": "01FT69JVNXZD48QANV2GHQP3ZY",
            "name": "CleanLease Eindhoven"
          },
          "receiver": {
            "displayUsername": "a_tsc",
            "id": "01FT69JVNXZD48QANV2GHQP3ZY",
            "name": "CleanLease Eindhoven"
          },
          "resourceClassifiedAs": [],
          "resourceInventoriedAs": {
            "accountingQuantity": {
              "hasNumericalValue": 1,
              "hasUnit": {
                "id": "01FTR5XR0P5R3N3GY2ZAQDJWZ3",
                "label": "u_piece",
                "symbol": "om2:one"
              }
            },
            "currentLocation": null,
            "id": "01FVHYRGRXWZCM4TQPFS2N1VVW",
            "note": null,
            "onhandQuantity": {
              "hasNumericalValue": -1,
              "hasUnit": {
                "id": "01FTR5XR0P5R3N3GY2ZAQDJWZ3",
                "label": "u_piece",
                "symbol": "om2:one"
              }
            },
            "primaryAccountable": {
              "displayUsername": "a_tsc",
              "id": "01FT69JVNXZD48QANV2GHQP3ZY",
              "name": "CleanLease Eindhoven"
            },
            "resourceName": "produce gown",
            "trackingIdentifier": null
          },
          "resourceQuantity": {
            "hasNumericalValue": 1,
            "hasUnit": {
              "id": "01FTR5XR0P5R3N3GY2ZAQDJWZ3",
              "label": "u_piece",
              "symbol": "om2:one"
            }
          }
        }
      ],
      "processName": "Process Clean Gown"
    },
    {
      "__typename": "EconomicEvent",
      "action": {
        "id": "modify"
      },
      "id": "01FVHYS6DWNWCKP30GSDGMMJ0H",
      "note": "modify dirty after use",
      "provider": {
        "displayUsername": "a_tsc",
        "id": "01FT69JVNXZD48QANV2GHQP3ZY",
        "name": "CleanLease Eindhoven"
      },
      "receiver": {
        "displayUsername": "a_hospital",
        "id": "01FT69JP6XX5ZF0XKDT960P7S9",
        "name": "OLVG locatie oost"
      },
      "resourceClassifiedAs": [],
      "resourceInventoriedAs": {
        "accountingQuantity": {
          "hasNumericalValue": 1,
          "hasUnit": {
            "id": "01FTR5XR0P5R3N3GY2ZAQDJWZ3",
            "label": "u_piece",
            "symbol": "om2:one"
          }
        },
        "currentLocation": null,
        "id": "01FVHYRGRXWZCM4TQPFS2N1VVW",
        "note": null,
        "onhandQuantity": {
          "hasNumericalValue": -1,
          "hasUnit": {
            "id": "01FTR5XR0P5R3N3GY2ZAQDJWZ3",
            "label": "u_piece",
            "symbol": "om2:one"
          }
        },
        "primaryAccountable": {
          "displayUsername": "a_tsc",
          "id": "01FT69JVNXZD48QANV2GHQP3ZY",
          "name": "CleanLease Eindhoven"
        },
        "resourceName": "produce gown",
        "trackingIdentifier": null
      },
      "resourceQuantity": {
        "hasNumericalValue": 1,
        "hasUnit": {
          "id": "01FTR5XR0P5R3N3GY2ZAQDJWZ3",
          "label": "u_piece",
          "symbol": "om2:one"
        }
      }
    },
    {
      "__typename": "Process",
      "id": "01FVHYRTBMH25HZAW4TXWF3PMX",
      "inputs": [
        {
          "action": {
            "id": "accept"
          },
          "id": "01FVHYS20A758132DNQVDSBV6P",
          "note": "accept use for surgery",
          "provider": {
            "displayUsername": "a_tsc",
            "id": "01FT69JVNXZD48QANV2GHQP3ZY",
            "name": "CleanLease Eindhoven"
          },
          "receiver": {
            "displayUsername": "a_hospital",
            "id": "01FT69JP6XX5ZF0XKDT960P7S9",
            "name": "OLVG locatie oost"
          },
          "resourceClassifiedAs": [],
          "resourceInventoriedAs": {
            "accountingQuantity": {
              "hasNumericalValue": 1,
              "hasUnit": {
                "id": "01FTR5XR0P5R3N3GY2ZAQDJWZ3",
                "label": "u_piece",
                "symbol": "om2:one"
              }
            },
            "currentLocation": null,
            "id": "01FVHYRGRXWZCM4TQPFS2N1VVW",
            "note": null,
            "onhandQuantity": {
              "hasNumericalValue": -1,
              "hasUnit": {
                "id": "01FTR5XR0P5R3N3GY2ZAQDJWZ3",
                "label": "u_piece",
                "symbol": "om2:one"
              }
            },
            "primaryAccountable": {
              "displayUsername": "a_tsc",
              "id": "01FT69JVNXZD48QANV2GHQP3ZY",
              "name": "CleanLease Eindhoven"
            },
            "resourceName": "produce gown",
            "trackingIdentifier": null
          },
          "resourceQuantity": {
            "hasNumericalValue": 1,
            "hasUnit": {
              "id": "01FTR5XR0P5R3N3GY2ZAQDJWZ3",
              "label": "u_piece",
              "symbol": "om2:one"
            }
          }
        },
        {
          "action": {
            "id": "work"
          },
          "id": "01FVHYRYBVECRKSBWA2MQQ7GYR",
          "note": "work perform surgery",
          "provider": {
            "displayUsername": "a_hospital",
            "id": "01FT69JP6XX5ZF0XKDT960P7S9",
            "name": "OLVG locatie oost"
          },
          "receiver": {
            "displayUsername": "a_hospital",
            "id": "01FT69JP6XX5ZF0XKDT960P7S9",
            "name": "OLVG locatie oost"
          },
          "resourceClassifiedAs": [],
          "resourceInventoriedAs": null,
          "resourceQuantity": {
            "hasNumericalValue": 80,
            "hasUnit": {
              "id": "01FTR5XSKAS697BBGKEMP9TX2B",
              "label": "h",
              "symbol": "om2:hour"
            }
          }
        }
      ],
      "note": "Use gown process performed at OLVG",
      "outputs": [
        {
          "action": {
            "id": "modify"
          },
          "id": "01FVHYS6DWNWCKP30GSDGMMJ0H",
          "note": "modify dirty after use",
          "provider": {
            "displayUsername": "a_tsc",
            "id": "01FT69JVNXZD48QANV2GHQP3ZY",
            "name": "CleanLease Eindhoven"
          },
          "receiver": {
            "displayUsername": "a_hospital",
            "id": "01FT69JP6XX5ZF0XKDT960P7S9",
            "name": "OLVG locatie oost"
          },
          "resourceClassifiedAs": [],
          "resourceInventoriedAs": {
            "accountingQuantity": {
              "hasNumericalValue": 1,
              "hasUnit": {
                "id": "01FTR5XR0P5R3N3GY2ZAQDJWZ3",
                "label": "u_piece",
                "symbol": "om2:one"
              }
            },
            "currentLocation": null,
            "id": "01FVHYRGRXWZCM4TQPFS2N1VVW",
            "note": null,
            "onhandQuantity": {
              "hasNumericalValue": -1,
              "hasUnit": {
                "id": "01FTR5XR0P5R3N3GY2ZAQDJWZ3",
                "label": "u_piece",
                "symbol": "om2:one"
              }
            },
            "primaryAccountable": {
              "displayUsername": "a_tsc",
              "id": "01FT69JVNXZD48QANV2GHQP3ZY",
              "name": "CleanLease Eindhoven"
            },
            "resourceName": "produce gown",
            "trackingIdentifier": null
          },
          "resourceQuantity": {
            "hasNumericalValue": 1,
            "hasUnit": {
              "id": "01FTR5XR0P5R3N3GY2ZAQDJWZ3",
              "label": "u_piece",
              "symbol": "om2:one"
            }
          }
        }
      ],
      "processName": "Process Use Gown"
    }
  ]
}
Result from trace
"01FVHYRD08M9C6EWVXCR3QSBY6 EconomicEvent consume cotton for sewing"
"01FVHYR9HFZ2CXHAWENHWRGDPK Process Sew gown process performed by CleanLease Eindhoven"
"01FVHYRK5F4ZD5CTE1GFSR4J07 EconomicEvent produce gown"
"01FVHYS6DWNWCKP30GSDGMMJ0H EconomicEvent modify dirty after use"
"01FVHYSS4QYTJXPK8C3GHZY9NP EconomicEvent modify clean after washing"
"01FVHYRGRXWZCM4TQPFS2N1VVW EconomicResource "
"01FVHYS20A758132DNQVDSBV6P EconomicEvent accept use for surgery"
"01FVHYRYBVECRKSBWA2MQQ7GYR EconomicEvent work perform surgery"
"01FVHYRTBMH25HZAW4TXWF3PMX Process Use gown process performed at OLVG"
"01FVHYSG11TDJ0V1FAQ27MPE5B EconomicEvent accept gowns to be cleaned"
"01FVHYSNJ2PC9KMF8EAXFXX1RB EconomicEvent consume soap for the washing"
"01FVHYSJKGN7AJKM8ZXW6MWNKG EconomicEvent consume water for the washing"
"01FVHYSCGSYB86NQBD9BCMS392 Process Clean gown process performed at CleanLease Eindhoven"
Result from track
"01FVHYSG11TDJ0V1FAQ27MPE5B EconomicEvent accept gowns to be cleaned"
"01FVHYS20A758132DNQVDSBV6P EconomicEvent accept use for surgery"
"01FVHYRGRXWZCM4TQPFS2N1VVW EconomicResource "
"01FVHYSS4QYTJXPK8C3GHZY9NP EconomicEvent modify clean after washing"
"01FVHYSCGSYB86NQBD9BCMS392 Process Clean gown process performed at CleanLease Eindhoven"
"01FVHYS6DWNWCKP30GSDGMMJ0H EconomicEvent modify dirty after use"
"01FVHYRTBMH25HZAW4TXWF3PMX Process Use gown process performed at OLVG"
