Mon Jan 31 16:34:58 CET 2022 - Logged user hospital in, id: "01FP094V38QGMK08N6VEM8HREN", token: "QTEyOEdDTQ.Tjzdh93jLID-tGBXaaylbVgAUzyn32nG1WhuBARJGEzTE3G32fhy-UjcLkc.x7UuiHQZm5BVBPZV.nBcE4ZbQL0OohN3gQsJMPQzYnujlt_CHgEc8Ba5nrYnPvD_HnmFZqLsZSReY-rjx.eVV9WnTfaVY7DfjJBHogjQ"
Mon Jan 31 16:35:01 CET 2022 - Logged user cleaner in, id: "01FP0977GR6Q85R2TQP8FDYE1G", token: "QTEyOEdDTQ.89LRAsPRZTqu1orpPbsIZI2G9uGBW1aPYd0mS8SXiSwxt7jHz22UIOsL9S4.LutqPq7a2Qdu_JPb._4Y1ZwqJyUYW1wGRpaYgCIxIzPub3PmjhKJ_NbBX1moYNKIzV4aM5smX-PlrPdmG.9XecnhnzXfwFYdgIG8axyQ"
Mon Jan 31 16:35:01 CET 2022 - Reading units from file 135.181.35.156_init.json
Mon Jan 31 16:35:01 CET 2022 - Read location for OLVG, id: "01FTRCAKHHN4ENNTSHF030QY70"
Mon Jan 31 16:35:01 CET 2022 - Read location for CleanLease Eindhoven, id: "01FTRCAKXFYPNP8ZD057JZBMCT"
Mon Jan 31 16:35:01 CET 2022 - Read unit for gowns, id: "01FTRCAM60JNKH6VG7B09KRFDB"
Mon Jan 31 16:35:01 CET 2022 - Read unit for mass (kg), id: "01FTRCAMC80CJ47NWQ6TQPV5EC"
Mon Jan 31 16:35:01 CET 2022 - Read unit for volume (litre), id: "01FTRCAMHY1W70RQJ9HFS56SNV"
Mon Jan 31 16:35:01 CET 2022 - Read unit for time (hour), id: "01FTRCAMQPG9FDRYQX7HJE3ERS"
Mon Jan 31 16:35:02 CET 2022 - Created 1 gown with tracking id: gown-2988, id: "01FTRCCW0KSJ2TCDK1A40GNYZQ" owned by the cleaner, event id: "01FTRCCW1GFFBFAZ41J8Z7JX6Q"
Mon Jan 31 16:35:02 CET 2022 - Created 100 kg soap with tracking id: soap-7103, id: "01FTRCCWFD1CS2RME6HV3XFT1J" owned by the cleaner, event id: "01FTRCCWG79HV4SRJWJBJMN0SX"
Mon Jan 31 16:35:03 CET 2022 - Created 50 liters water with tracking id: water-26585, id: "01FTRCCWYNS0YTBVMTH6KTZSK5" owned by the cleaner, event id: "01FTRCCX06D0CDC9FPC6258B6F"
Mon Jan 31 16:35:03 CET 2022 - Transferred custody of 1 gown to hospital with note: Transfer gowns to hospital, event id: "01FTRCCXEWVQ4XF4SD0M6PN9FV"
Mon Jan 31 16:35:03 CET 2022 - Created process: Process Use Gowns, process id: "01FTRCCXR59ACDKNW517S990XR"
Mon Jan 31 16:35:04 CET 2022 - Created event: work perform surgery, event id: "01FTRCCY6GAP1G5R33JJXTMYVY", action work 80 hours as input for process: "01FTRCCXR59ACDKNW517S990XR"
Mon Jan 31 16:35:04 CET 2022 - Created event: accept use for surgery, event id: "01FTRCCYM5YK0KMZ48DMHA4BZ4", action accept 1 gown as input for process: "01FTRCCXR59ACDKNW517S990XR"
Mon Jan 31 16:35:05 CET 2022 - Created event: modify dirty after use, event id: "01FTRCCZ1R42A6QQ2PQ6GD18XT", action modify 1 gown as output for process: "01FTRCCXR59ACDKNW517S990XR"
Mon Jan 31 16:35:05 CET 2022 - Transferred custody of 1 gown to cleaner with note: Transfer gowns to cleaner, event id: "01FTRCCZGQ06T8GJ2DSQ20WQY1"
Mon Jan 31 16:35:05 CET 2022 - Created process: Process Clean Gowns, process id: "01FTRCCZTKM00YGE0JM7QZQV2Q"
Mon Jan 31 16:35:06 CET 2022 - Created event: accept gowns to be cleaned, event id: "01FTRCD05R8SHXPT0J3EC2M5QS", action accept 1 gown as input for process: "01FTRCCZTKM00YGE0JM7QZQV2Q"
Mon Jan 31 16:35:06 CET 2022 - Created event: consume water for the washing, event id: "01FTRCD0HBNZ2M5WPP3GGBY3HC", action consume 25 liters water as input for process: "01FTRCCZTKM00YGE0JM7QZQV2Q"
Mon Jan 31 16:35:07 CET 2022 - Created event: consume soap for the washing, event id: "01FTRCD0W8NK6YV46YFXDZ5211", action consume 50 kg soap as input for process: "01FTRCCZTKM00YGE0JM7QZQV2Q"
Mon Jan 31 16:35:07 CET 2022 - Created event: modify clean after washing, event id: "01FTRCD16SKFSRBKXXHW1KBEQV", action modify 1 gown as output of process: "01FTRCCZTKM00YGE0JM7QZQV2Q"
Mon Jan 31 16:35:07 CET 2022 - Doing trace and track gown: "01FTRCCW0KSJ2TCDK1A40GNYZQ"
{
  "trace": [
    {
      "__typename": "Process",
      "id": "01FTRCCZTKM00YGE0JM7QZQV2Q",
      "inputs": [
        {
          "action": {
            "id": "accept"
          },
          "id": "01FTRCD05R8SHXPT0J3EC2M5QS",
          "note": "accept gowns to be cleaned",
          "provider": {
            "displayUsername": "@AGENT_CLS",
            "id": "01FP0977GR6Q85R2TQP8FDYE1G",
            "name": "AGENT_CLS"
          },
          "receiver": {
            "displayUsername": "@AGENT_CLS",
            "id": "01FP0977GR6Q85R2TQP8FDYE1G",
            "name": "AGENT_CLS"
          },
          "resourceClassifiedAs": [],
          "resourceInventoriedAs": {
            "accountingQuantity": null,
            "currentLocation": null,
            "id": "01FTRCCW0KSJ2TCDK1A40GNYZQ",
            "note": null,
            "onhandQuantity": {
              "hasNumericalValue": 0,
              "hasUnit": {
                "id": "01FTRCAM60JNKH6VG7B09KRFDB",
                "label": "u_piece",
                "symbol": "om2:one"
              }
            },
            "primaryAccountable": {
              "displayUsername": "@AGENT_CLS",
              "id": "01FP0977GR6Q85R2TQP8FDYE1G",
              "name": "AGENT_CLS"
            },
            "resourceName": "Gown",
            "trackingIdentifier": null
          },
          "resourceQuantity": {
            "hasNumericalValue": 1,
            "hasUnit": {
              "id": "01FTRCAM60JNKH6VG7B09KRFDB",
              "label": "u_piece",
              "symbol": "om2:one"
            }
          }
        },
        {
          "action": {
            "id": "consume"
          },
          "id": "01FTRCD0HBNZ2M5WPP3GGBY3HC",
          "note": "consume water for the washing",
          "provider": {
            "displayUsername": "@AGENT_CLS",
            "id": "01FP0977GR6Q85R2TQP8FDYE1G",
            "name": "AGENT_CLS"
          },
          "receiver": {
            "displayUsername": "@AGENT_CLS",
            "id": "01FP0977GR6Q85R2TQP8FDYE1G",
            "name": "AGENT_CLS"
          },
          "resourceClassifiedAs": [],
          "resourceInventoriedAs": null,
          "resourceQuantity": {
            "hasNumericalValue": 25,
            "hasUnit": {
              "id": "01FTRCAMHY1W70RQJ9HFS56SNV",
              "label": "lt",
              "symbol": "om2:litre"
            }
          }
        },
        {
          "action": {
            "id": "consume"
          },
          "id": "01FTRCD0W8NK6YV46YFXDZ5211",
          "note": "consume soap for the washing",
          "provider": {
            "displayUsername": "@AGENT_CLS",
            "id": "01FP0977GR6Q85R2TQP8FDYE1G",
            "name": "AGENT_CLS"
          },
          "receiver": {
            "displayUsername": "@AGENT_CLS",
            "id": "01FP0977GR6Q85R2TQP8FDYE1G",
            "name": "AGENT_CLS"
          },
          "resourceClassifiedAs": [],
          "resourceInventoriedAs": null,
          "resourceQuantity": {
            "hasNumericalValue": 50,
            "hasUnit": {
              "id": "01FTRCAMC80CJ47NWQ6TQPV5EC",
              "label": "kg",
              "symbol": "om2:kilogram"
            }
          }
        }
      ],
      "note": "Cleaning process performed at CleanLease Eindhoven",
      "outputs": [
        {
          "action": {
            "id": "modify"
          },
          "id": "01FTRCD16SKFSRBKXXHW1KBEQV",
          "note": "modify clean after washing",
          "provider": {
            "displayUsername": "@AGENT_CLS",
            "id": "01FP0977GR6Q85R2TQP8FDYE1G",
            "name": "AGENT_CLS"
          },
          "receiver": {
            "displayUsername": "@AGENT_CLS",
            "id": "01FP0977GR6Q85R2TQP8FDYE1G",
            "name": "AGENT_CLS"
          },
          "resourceClassifiedAs": [],
          "resourceInventoriedAs": {
            "accountingQuantity": null,
            "currentLocation": null,
            "id": "01FTRCCW0KSJ2TCDK1A40GNYZQ",
            "note": null,
            "onhandQuantity": {
              "hasNumericalValue": 0,
              "hasUnit": {
                "id": "01FTRCAM60JNKH6VG7B09KRFDB",
                "label": "u_piece",
                "symbol": "om2:one"
              }
            },
            "primaryAccountable": {
              "displayUsername": "@AGENT_CLS",
              "id": "01FP0977GR6Q85R2TQP8FDYE1G",
              "name": "AGENT_CLS"
            },
            "resourceName": "Gown",
            "trackingIdentifier": null
          },
          "resourceQuantity": {
            "hasNumericalValue": 1,
            "hasUnit": {
              "id": "01FTRCAM60JNKH6VG7B09KRFDB",
              "label": "u_piece",
              "symbol": "om2:one"
            }
          }
        }
      ],
      "processName": "Process Clean Gowns"
    },
    {
      "__typename": "EconomicEvent",
      "action": {
        "id": "modify"
      },
      "id": "01FTRCD16SKFSRBKXXHW1KBEQV",
      "note": "modify clean after washing",
      "provider": {
        "displayUsername": "@AGENT_CLS",
        "id": "01FP0977GR6Q85R2TQP8FDYE1G",
        "name": "AGENT_CLS"
      },
      "receiver": {
        "displayUsername": "@AGENT_CLS",
        "id": "01FP0977GR6Q85R2TQP8FDYE1G",
        "name": "AGENT_CLS"
      },
      "resourceClassifiedAs": [],
      "resourceInventoriedAs": {
        "accountingQuantity": null,
        "currentLocation": null,
        "id": "01FTRCCW0KSJ2TCDK1A40GNYZQ",
        "note": null,
        "onhandQuantity": {
          "hasNumericalValue": 0,
          "hasUnit": {
            "id": "01FTRCAM60JNKH6VG7B09KRFDB",
            "label": "u_piece",
            "symbol": "om2:one"
          }
        },
        "primaryAccountable": {
          "displayUsername": "@AGENT_CLS",
          "id": "01FP0977GR6Q85R2TQP8FDYE1G",
          "name": "AGENT_CLS"
        },
        "resourceName": "Gown",
        "trackingIdentifier": null
      },
      "resourceQuantity": {
        "hasNumericalValue": 1,
        "hasUnit": {
          "id": "01FTRCAM60JNKH6VG7B09KRFDB",
          "label": "u_piece",
          "symbol": "om2:one"
        }
      }
    },
    {
      "__typename": "Process",
      "id": "01FTRCCXR59ACDKNW517S990XR",
      "inputs": [
        {
          "action": {
            "id": "accept"
          },
          "id": "01FTRCCYM5YK0KMZ48DMHA4BZ4",
          "note": "accept use for surgery",
          "provider": {
            "displayUsername": "@AGENT_CLS",
            "id": "01FP0977GR6Q85R2TQP8FDYE1G",
            "name": "AGENT_CLS"
          },
          "receiver": {
            "displayUsername": "@AGENT_OLVG",
            "id": "01FP094V38QGMK08N6VEM8HREN",
            "name": "AGENT_OLVG"
          },
          "resourceClassifiedAs": [],
          "resourceInventoriedAs": {
            "accountingQuantity": null,
            "currentLocation": null,
            "id": "01FTRCCW0KSJ2TCDK1A40GNYZQ",
            "note": null,
            "onhandQuantity": {
              "hasNumericalValue": 0,
              "hasUnit": {
                "id": "01FTRCAM60JNKH6VG7B09KRFDB",
                "label": "u_piece",
                "symbol": "om2:one"
              }
            },
            "primaryAccountable": {
              "displayUsername": "@AGENT_CLS",
              "id": "01FP0977GR6Q85R2TQP8FDYE1G",
              "name": "AGENT_CLS"
            },
            "resourceName": "Gown",
            "trackingIdentifier": null
          },
          "resourceQuantity": {
            "hasNumericalValue": 1,
            "hasUnit": {
              "id": "01FTRCAM60JNKH6VG7B09KRFDB",
              "label": "u_piece",
              "symbol": "om2:one"
            }
          }
        },
        {
          "action": {
            "id": "work"
          },
          "id": "01FTRCCY6GAP1G5R33JJXTMYVY",
          "note": "work perform surgery",
          "provider": {
            "displayUsername": "@AGENT_OLVG",
            "id": "01FP094V38QGMK08N6VEM8HREN",
            "name": "AGENT_OLVG"
          },
          "receiver": {
            "displayUsername": "@AGENT_OLVG",
            "id": "01FP094V38QGMK08N6VEM8HREN",
            "name": "AGENT_OLVG"
          },
          "resourceClassifiedAs": [],
          "resourceInventoriedAs": null,
          "resourceQuantity": {
            "hasNumericalValue": 80,
            "hasUnit": {
              "id": "01FTRCAMQPG9FDRYQX7HJE3ERS",
              "label": "h",
              "symbol": "om2:hour"
            }
          }
        }
      ],
      "note": "Use process performed at OLVG",
      "outputs": [
        {
          "action": {
            "id": "modify"
          },
          "id": "01FTRCCZ1R42A6QQ2PQ6GD18XT",
          "note": "modify dirty after use",
          "provider": {
            "displayUsername": "@AGENT_CLS",
            "id": "01FP0977GR6Q85R2TQP8FDYE1G",
            "name": "AGENT_CLS"
          },
          "receiver": {
            "displayUsername": "@AGENT_OLVG",
            "id": "01FP094V38QGMK08N6VEM8HREN",
            "name": "AGENT_OLVG"
          },
          "resourceClassifiedAs": [],
          "resourceInventoriedAs": {
            "accountingQuantity": null,
            "currentLocation": null,
            "id": "01FTRCCW0KSJ2TCDK1A40GNYZQ",
            "note": null,
            "onhandQuantity": {
              "hasNumericalValue": 0,
              "hasUnit": {
                "id": "01FTRCAM60JNKH6VG7B09KRFDB",
                "label": "u_piece",
                "symbol": "om2:one"
              }
            },
            "primaryAccountable": {
              "displayUsername": "@AGENT_CLS",
              "id": "01FP0977GR6Q85R2TQP8FDYE1G",
              "name": "AGENT_CLS"
            },
            "resourceName": "Gown",
            "trackingIdentifier": null
          },
          "resourceQuantity": {
            "hasNumericalValue": 1,
            "hasUnit": {
              "id": "01FTRCAM60JNKH6VG7B09KRFDB",
              "label": "u_piece",
              "symbol": "om2:one"
            }
          }
        }
      ],
      "processName": "Process Use Gowns"
    },
    {
      "__typename": "EconomicEvent",
      "action": {
        "id": "modify"
      },
      "id": "01FTRCCZ1R42A6QQ2PQ6GD18XT",
      "note": "modify dirty after use",
      "provider": {
        "displayUsername": "@AGENT_CLS",
        "id": "01FP0977GR6Q85R2TQP8FDYE1G",
        "name": "AGENT_CLS"
      },
      "receiver": {
        "displayUsername": "@AGENT_OLVG",
        "id": "01FP094V38QGMK08N6VEM8HREN",
        "name": "AGENT_OLVG"
      },
      "resourceClassifiedAs": [],
      "resourceInventoriedAs": {
        "accountingQuantity": null,
        "currentLocation": null,
        "id": "01FTRCCW0KSJ2TCDK1A40GNYZQ",
        "note": null,
        "onhandQuantity": {
          "hasNumericalValue": 0,
          "hasUnit": {
            "id": "01FTRCAM60JNKH6VG7B09KRFDB",
            "label": "u_piece",
            "symbol": "om2:one"
          }
        },
        "primaryAccountable": {
          "displayUsername": "@AGENT_CLS",
          "id": "01FP0977GR6Q85R2TQP8FDYE1G",
          "name": "AGENT_CLS"
        },
        "resourceName": "Gown",
        "trackingIdentifier": null
      },
      "resourceQuantity": {
        "hasNumericalValue": 1,
        "hasUnit": {
          "id": "01FTRCAM60JNKH6VG7B09KRFDB",
          "label": "u_piece",
          "symbol": "om2:one"
        }
      }
    },
    {
      "__typename": "EconomicResource",
      "accountingQuantity": null,
      "currentLocation": null,
      "id": "01FTRCCW0KSJ2TCDK1A40GNYZQ",
      "note": null,
      "onhandQuantity": {
        "hasNumericalValue": 0,
        "hasUnit": {
          "id": "01FTRCAM60JNKH6VG7B09KRFDB",
          "label": "u_piece",
          "symbol": "om2:one"
        }
      },
      "primaryAccountable": {
        "displayUsername": "@AGENT_CLS",
        "id": "01FP0977GR6Q85R2TQP8FDYE1G",
        "name": "AGENT_CLS"
      },
      "resourceName": "Gown",
      "trackingIdentifier": null
    },
    {
      "__typename": "EconomicEvent",
      "action": {
        "id": "accept"
      },
      "id": "01FTRCD05R8SHXPT0J3EC2M5QS",
      "note": "accept gowns to be cleaned",
      "provider": {
        "displayUsername": "@AGENT_CLS",
        "id": "01FP0977GR6Q85R2TQP8FDYE1G",
        "name": "AGENT_CLS"
      },
      "receiver": {
        "displayUsername": "@AGENT_CLS",
        "id": "01FP0977GR6Q85R2TQP8FDYE1G",
        "name": "AGENT_CLS"
      },
      "resourceClassifiedAs": [],
      "resourceInventoriedAs": {
        "accountingQuantity": null,
        "currentLocation": null,
        "id": "01FTRCCW0KSJ2TCDK1A40GNYZQ",
        "note": null,
        "onhandQuantity": {
          "hasNumericalValue": 0,
          "hasUnit": {
            "id": "01FTRCAM60JNKH6VG7B09KRFDB",
            "label": "u_piece",
            "symbol": "om2:one"
          }
        },
        "primaryAccountable": {
          "displayUsername": "@AGENT_CLS",
          "id": "01FP0977GR6Q85R2TQP8FDYE1G",
          "name": "AGENT_CLS"
        },
        "resourceName": "Gown",
        "trackingIdentifier": null
      },
      "resourceQuantity": {
        "hasNumericalValue": 1,
        "hasUnit": {
          "id": "01FTRCAM60JNKH6VG7B09KRFDB",
          "label": "u_piece",
          "symbol": "om2:one"
        }
      }
    },
    {
      "__typename": "EconomicEvent",
      "action": {
        "id": "consume"
      },
      "id": "01FTRCD0HBNZ2M5WPP3GGBY3HC",
      "note": "consume water for the washing",
      "provider": {
        "displayUsername": "@AGENT_CLS",
        "id": "01FP0977GR6Q85R2TQP8FDYE1G",
        "name": "AGENT_CLS"
      },
      "receiver": {
        "displayUsername": "@AGENT_CLS",
        "id": "01FP0977GR6Q85R2TQP8FDYE1G",
        "name": "AGENT_CLS"
      },
      "resourceClassifiedAs": [],
      "resourceInventoriedAs": null,
      "resourceQuantity": {
        "hasNumericalValue": 25,
        "hasUnit": {
          "id": "01FTRCAMHY1W70RQJ9HFS56SNV",
          "label": "lt",
          "symbol": "om2:litre"
        }
      }
    },
    {
      "__typename": "EconomicEvent",
      "action": {
        "id": "consume"
      },
      "id": "01FTRCD0W8NK6YV46YFXDZ5211",
      "note": "consume soap for the washing",
      "provider": {
        "displayUsername": "@AGENT_CLS",
        "id": "01FP0977GR6Q85R2TQP8FDYE1G",
        "name": "AGENT_CLS"
      },
      "receiver": {
        "displayUsername": "@AGENT_CLS",
        "id": "01FP0977GR6Q85R2TQP8FDYE1G",
        "name": "AGENT_CLS"
      },
      "resourceClassifiedAs": [],
      "resourceInventoriedAs": null,
      "resourceQuantity": {
        "hasNumericalValue": 50,
        "hasUnit": {
          "id": "01FTRCAMC80CJ47NWQ6TQPV5EC",
          "label": "kg",
          "symbol": "om2:kilogram"
        }
      }
    },
    {
      "__typename": "EconomicEvent",
      "action": {
        "id": "accept"
      },
      "id": "01FTRCCYM5YK0KMZ48DMHA4BZ4",
      "note": "accept use for surgery",
      "provider": {
        "displayUsername": "@AGENT_CLS",
        "id": "01FP0977GR6Q85R2TQP8FDYE1G",
        "name": "AGENT_CLS"
      },
      "receiver": {
        "displayUsername": "@AGENT_OLVG",
        "id": "01FP094V38QGMK08N6VEM8HREN",
        "name": "AGENT_OLVG"
      },
      "resourceClassifiedAs": [],
      "resourceInventoriedAs": {
        "accountingQuantity": null,
        "currentLocation": null,
        "id": "01FTRCCW0KSJ2TCDK1A40GNYZQ",
        "note": null,
        "onhandQuantity": {
          "hasNumericalValue": 0,
          "hasUnit": {
            "id": "01FTRCAM60JNKH6VG7B09KRFDB",
            "label": "u_piece",
            "symbol": "om2:one"
          }
        },
        "primaryAccountable": {
          "displayUsername": "@AGENT_CLS",
          "id": "01FP0977GR6Q85R2TQP8FDYE1G",
          "name": "AGENT_CLS"
        },
        "resourceName": "Gown",
        "trackingIdentifier": null
      },
      "resourceQuantity": {
        "hasNumericalValue": 1,
        "hasUnit": {
          "id": "01FTRCAM60JNKH6VG7B09KRFDB",
          "label": "u_piece",
          "symbol": "om2:one"
        }
      }
    },
    {
      "__typename": "EconomicEvent",
      "action": {
        "id": "work"
      },
      "id": "01FTRCCY6GAP1G5R33JJXTMYVY",
      "note": "work perform surgery",
      "provider": {
        "displayUsername": "@AGENT_OLVG",
        "id": "01FP094V38QGMK08N6VEM8HREN",
        "name": "AGENT_OLVG"
      },
      "receiver": {
        "displayUsername": "@AGENT_OLVG",
        "id": "01FP094V38QGMK08N6VEM8HREN",
        "name": "AGENT_OLVG"
      },
      "resourceClassifiedAs": [],
      "resourceInventoriedAs": null,
      "resourceQuantity": {
        "hasNumericalValue": 80,
        "hasUnit": {
          "id": "01FTRCAMQPG9FDRYQX7HJE3ERS",
          "label": "h",
          "symbol": "om2:hour"
        }
      }
    }
  ],
  "track": [
    {
      "__typename": "Process",
      "id": "01FTRCCZTKM00YGE0JM7QZQV2Q",
      "inputs": [
        {
          "action": {
            "id": "accept"
          },
          "id": "01FTRCD05R8SHXPT0J3EC2M5QS",
          "note": "accept gowns to be cleaned",
          "provider": {
            "displayUsername": "@AGENT_CLS",
            "id": "01FP0977GR6Q85R2TQP8FDYE1G",
            "name": "AGENT_CLS"
          },
          "receiver": {
            "displayUsername": "@AGENT_CLS",
            "id": "01FP0977GR6Q85R2TQP8FDYE1G",
            "name": "AGENT_CLS"
          },
          "resourceClassifiedAs": [],
          "resourceInventoriedAs": {
            "accountingQuantity": null,
            "currentLocation": null,
            "id": "01FTRCCW0KSJ2TCDK1A40GNYZQ",
            "note": null,
            "onhandQuantity": {
              "hasNumericalValue": 0,
              "hasUnit": {
                "id": "01FTRCAM60JNKH6VG7B09KRFDB",
                "label": "u_piece",
                "symbol": "om2:one"
              }
            },
            "primaryAccountable": {
              "displayUsername": "@AGENT_CLS",
              "id": "01FP0977GR6Q85R2TQP8FDYE1G",
              "name": "AGENT_CLS"
            },
            "resourceName": "Gown",
            "trackingIdentifier": null
          },
          "resourceQuantity": {
            "hasNumericalValue": 1,
            "hasUnit": {
              "id": "01FTRCAM60JNKH6VG7B09KRFDB",
              "label": "u_piece",
              "symbol": "om2:one"
            }
          }
        },
        {
          "action": {
            "id": "consume"
          },
          "id": "01FTRCD0HBNZ2M5WPP3GGBY3HC",
          "note": "consume water for the washing",
          "provider": {
            "displayUsername": "@AGENT_CLS",
            "id": "01FP0977GR6Q85R2TQP8FDYE1G",
            "name": "AGENT_CLS"
          },
          "receiver": {
            "displayUsername": "@AGENT_CLS",
            "id": "01FP0977GR6Q85R2TQP8FDYE1G",
            "name": "AGENT_CLS"
          },
          "resourceClassifiedAs": [],
          "resourceInventoriedAs": null,
          "resourceQuantity": {
            "hasNumericalValue": 25,
            "hasUnit": {
              "id": "01FTRCAMHY1W70RQJ9HFS56SNV",
              "label": "lt",
              "symbol": "om2:litre"
            }
          }
        },
        {
          "action": {
            "id": "consume"
          },
          "id": "01FTRCD0W8NK6YV46YFXDZ5211",
          "note": "consume soap for the washing",
          "provider": {
            "displayUsername": "@AGENT_CLS",
            "id": "01FP0977GR6Q85R2TQP8FDYE1G",
            "name": "AGENT_CLS"
          },
          "receiver": {
            "displayUsername": "@AGENT_CLS",
            "id": "01FP0977GR6Q85R2TQP8FDYE1G",
            "name": "AGENT_CLS"
          },
          "resourceClassifiedAs": [],
          "resourceInventoriedAs": null,
          "resourceQuantity": {
            "hasNumericalValue": 50,
            "hasUnit": {
              "id": "01FTRCAMC80CJ47NWQ6TQPV5EC",
              "label": "kg",
              "symbol": "om2:kilogram"
            }
          }
        }
      ],
      "note": "Cleaning process performed at CleanLease Eindhoven",
      "outputs": [
        {
          "action": {
            "id": "modify"
          },
          "id": "01FTRCD16SKFSRBKXXHW1KBEQV",
          "note": "modify clean after washing",
          "provider": {
            "displayUsername": "@AGENT_CLS",
            "id": "01FP0977GR6Q85R2TQP8FDYE1G",
            "name": "AGENT_CLS"
          },
          "receiver": {
            "displayUsername": "@AGENT_CLS",
            "id": "01FP0977GR6Q85R2TQP8FDYE1G",
            "name": "AGENT_CLS"
          },
          "resourceClassifiedAs": [],
          "resourceInventoriedAs": {
            "accountingQuantity": null,
            "currentLocation": null,
            "id": "01FTRCCW0KSJ2TCDK1A40GNYZQ",
            "note": null,
            "onhandQuantity": {
              "hasNumericalValue": 0,
              "hasUnit": {
                "id": "01FTRCAM60JNKH6VG7B09KRFDB",
                "label": "u_piece",
                "symbol": "om2:one"
              }
            },
            "primaryAccountable": {
              "displayUsername": "@AGENT_CLS",
              "id": "01FP0977GR6Q85R2TQP8FDYE1G",
              "name": "AGENT_CLS"
            },
            "resourceName": "Gown",
            "trackingIdentifier": null
          },
          "resourceQuantity": {
            "hasNumericalValue": 1,
            "hasUnit": {
              "id": "01FTRCAM60JNKH6VG7B09KRFDB",
              "label": "u_piece",
              "symbol": "om2:one"
            }
          }
        }
      ],
      "processName": "Process Clean Gowns"
    },
    {
      "__typename": "EconomicEvent",
      "action": {
        "id": "accept"
      },
      "id": "01FTRCD05R8SHXPT0J3EC2M5QS",
      "note": "accept gowns to be cleaned",
      "provider": {
        "displayUsername": "@AGENT_CLS",
        "id": "01FP0977GR6Q85R2TQP8FDYE1G",
        "name": "AGENT_CLS"
      },
      "receiver": {
        "displayUsername": "@AGENT_CLS",
        "id": "01FP0977GR6Q85R2TQP8FDYE1G",
        "name": "AGENT_CLS"
      },
      "resourceClassifiedAs": [],
      "resourceInventoriedAs": {
        "accountingQuantity": null,
        "currentLocation": null,
        "id": "01FTRCCW0KSJ2TCDK1A40GNYZQ",
        "note": null,
        "onhandQuantity": {
          "hasNumericalValue": 0,
          "hasUnit": {
            "id": "01FTRCAM60JNKH6VG7B09KRFDB",
            "label": "u_piece",
            "symbol": "om2:one"
          }
        },
        "primaryAccountable": {
          "displayUsername": "@AGENT_CLS",
          "id": "01FP0977GR6Q85R2TQP8FDYE1G",
          "name": "AGENT_CLS"
        },
        "resourceName": "Gown",
        "trackingIdentifier": null
      },
      "resourceQuantity": {
        "hasNumericalValue": 1,
        "hasUnit": {
          "id": "01FTRCAM60JNKH6VG7B09KRFDB",
          "label": "u_piece",
          "symbol": "om2:one"
        }
      }
    },
    {
      "__typename": "Process",
      "id": "01FTRCCXR59ACDKNW517S990XR",
      "inputs": [
        {
          "action": {
            "id": "accept"
          },
          "id": "01FTRCCYM5YK0KMZ48DMHA4BZ4",
          "note": "accept use for surgery",
          "provider": {
            "displayUsername": "@AGENT_CLS",
            "id": "01FP0977GR6Q85R2TQP8FDYE1G",
            "name": "AGENT_CLS"
          },
          "receiver": {
            "displayUsername": "@AGENT_OLVG",
            "id": "01FP094V38QGMK08N6VEM8HREN",
            "name": "AGENT_OLVG"
          },
          "resourceClassifiedAs": [],
          "resourceInventoriedAs": {
            "accountingQuantity": null,
            "currentLocation": null,
            "id": "01FTRCCW0KSJ2TCDK1A40GNYZQ",
            "note": null,
            "onhandQuantity": {
              "hasNumericalValue": 0,
              "hasUnit": {
                "id": "01FTRCAM60JNKH6VG7B09KRFDB",
                "label": "u_piece",
                "symbol": "om2:one"
              }
            },
            "primaryAccountable": {
              "displayUsername": "@AGENT_CLS",
              "id": "01FP0977GR6Q85R2TQP8FDYE1G",
              "name": "AGENT_CLS"
            },
            "resourceName": "Gown",
            "trackingIdentifier": null
          },
          "resourceQuantity": {
            "hasNumericalValue": 1,
            "hasUnit": {
              "id": "01FTRCAM60JNKH6VG7B09KRFDB",
              "label": "u_piece",
              "symbol": "om2:one"
            }
          }
        },
        {
          "action": {
            "id": "work"
          },
          "id": "01FTRCCY6GAP1G5R33JJXTMYVY",
          "note": "work perform surgery",
          "provider": {
            "displayUsername": "@AGENT_OLVG",
            "id": "01FP094V38QGMK08N6VEM8HREN",
            "name": "AGENT_OLVG"
          },
          "receiver": {
            "displayUsername": "@AGENT_OLVG",
            "id": "01FP094V38QGMK08N6VEM8HREN",
            "name": "AGENT_OLVG"
          },
          "resourceClassifiedAs": [],
          "resourceInventoriedAs": null,
          "resourceQuantity": {
            "hasNumericalValue": 80,
            "hasUnit": {
              "id": "01FTRCAMQPG9FDRYQX7HJE3ERS",
              "label": "h",
              "symbol": "om2:hour"
            }
          }
        }
      ],
      "note": "Use process performed at OLVG",
      "outputs": [
        {
          "action": {
            "id": "modify"
          },
          "id": "01FTRCCZ1R42A6QQ2PQ6GD18XT",
          "note": "modify dirty after use",
          "provider": {
            "displayUsername": "@AGENT_CLS",
            "id": "01FP0977GR6Q85R2TQP8FDYE1G",
            "name": "AGENT_CLS"
          },
          "receiver": {
            "displayUsername": "@AGENT_OLVG",
            "id": "01FP094V38QGMK08N6VEM8HREN",
            "name": "AGENT_OLVG"
          },
          "resourceClassifiedAs": [],
          "resourceInventoriedAs": {
            "accountingQuantity": null,
            "currentLocation": null,
            "id": "01FTRCCW0KSJ2TCDK1A40GNYZQ",
            "note": null,
            "onhandQuantity": {
              "hasNumericalValue": 0,
              "hasUnit": {
                "id": "01FTRCAM60JNKH6VG7B09KRFDB",
                "label": "u_piece",
                "symbol": "om2:one"
              }
            },
            "primaryAccountable": {
              "displayUsername": "@AGENT_CLS",
              "id": "01FP0977GR6Q85R2TQP8FDYE1G",
              "name": "AGENT_CLS"
            },
            "resourceName": "Gown",
            "trackingIdentifier": null
          },
          "resourceQuantity": {
            "hasNumericalValue": 1,
            "hasUnit": {
              "id": "01FTRCAM60JNKH6VG7B09KRFDB",
              "label": "u_piece",
              "symbol": "om2:one"
            }
          }
        }
      ],
      "processName": "Process Use Gowns"
    },
    {
      "__typename": "EconomicEvent",
      "action": {
        "id": "accept"
      },
      "id": "01FTRCCYM5YK0KMZ48DMHA4BZ4",
      "note": "accept use for surgery",
      "provider": {
        "displayUsername": "@AGENT_CLS",
        "id": "01FP0977GR6Q85R2TQP8FDYE1G",
        "name": "AGENT_CLS"
      },
      "receiver": {
        "displayUsername": "@AGENT_OLVG",
        "id": "01FP094V38QGMK08N6VEM8HREN",
        "name": "AGENT_OLVG"
      },
      "resourceClassifiedAs": [],
      "resourceInventoriedAs": {
        "accountingQuantity": null,
        "currentLocation": null,
        "id": "01FTRCCW0KSJ2TCDK1A40GNYZQ",
        "note": null,
        "onhandQuantity": {
          "hasNumericalValue": 0,
          "hasUnit": {
            "id": "01FTRCAM60JNKH6VG7B09KRFDB",
            "label": "u_piece",
            "symbol": "om2:one"
          }
        },
        "primaryAccountable": {
          "displayUsername": "@AGENT_CLS",
          "id": "01FP0977GR6Q85R2TQP8FDYE1G",
          "name": "AGENT_CLS"
        },
        "resourceName": "Gown",
        "trackingIdentifier": null
      },
      "resourceQuantity": {
        "hasNumericalValue": 1,
        "hasUnit": {
          "id": "01FTRCAM60JNKH6VG7B09KRFDB",
          "label": "u_piece",
          "symbol": "om2:one"
        }
      }
    },
    {
      "__typename": "EconomicResource",
      "accountingQuantity": null,
      "currentLocation": null,
      "id": "01FTRCCW0KSJ2TCDK1A40GNYZQ",
      "note": null,
      "onhandQuantity": {
        "hasNumericalValue": 0,
        "hasUnit": {
          "id": "01FTRCAM60JNKH6VG7B09KRFDB",
          "label": "u_piece",
          "symbol": "om2:one"
        }
      },
      "primaryAccountable": {
        "displayUsername": "@AGENT_CLS",
        "id": "01FP0977GR6Q85R2TQP8FDYE1G",
        "name": "AGENT_CLS"
      },
      "resourceName": "Gown",
      "trackingIdentifier": null
    },
    {
      "__typename": "EconomicEvent",
      "action": {
        "id": "modify"
      },
      "id": "01FTRCD16SKFSRBKXXHW1KBEQV",
      "note": "modify clean after washing",
      "provider": {
        "displayUsername": "@AGENT_CLS",
        "id": "01FP0977GR6Q85R2TQP8FDYE1G",
        "name": "AGENT_CLS"
      },
      "receiver": {
        "displayUsername": "@AGENT_CLS",
        "id": "01FP0977GR6Q85R2TQP8FDYE1G",
        "name": "AGENT_CLS"
      },
      "resourceClassifiedAs": [],
      "resourceInventoriedAs": {
        "accountingQuantity": null,
        "currentLocation": null,
        "id": "01FTRCCW0KSJ2TCDK1A40GNYZQ",
        "note": null,
        "onhandQuantity": {
          "hasNumericalValue": 0,
          "hasUnit": {
            "id": "01FTRCAM60JNKH6VG7B09KRFDB",
            "label": "u_piece",
            "symbol": "om2:one"
          }
        },
        "primaryAccountable": {
          "displayUsername": "@AGENT_CLS",
          "id": "01FP0977GR6Q85R2TQP8FDYE1G",
          "name": "AGENT_CLS"
        },
        "resourceName": "Gown",
        "trackingIdentifier": null
      },
      "resourceQuantity": {
        "hasNumericalValue": 1,
        "hasUnit": {
          "id": "01FTRCAM60JNKH6VG7B09KRFDB",
          "label": "u_piece",
          "symbol": "om2:one"
        }
      }
    },
    {
      "__typename": "EconomicEvent",
      "action": {
        "id": "modify"
      },
      "id": "01FTRCCZ1R42A6QQ2PQ6GD18XT",
      "note": "modify dirty after use",
      "provider": {
        "displayUsername": "@AGENT_CLS",
        "id": "01FP0977GR6Q85R2TQP8FDYE1G",
        "name": "AGENT_CLS"
      },
      "receiver": {
        "displayUsername": "@AGENT_OLVG",
        "id": "01FP094V38QGMK08N6VEM8HREN",
        "name": "AGENT_OLVG"
      },
      "resourceClassifiedAs": [],
      "resourceInventoriedAs": {
        "accountingQuantity": null,
        "currentLocation": null,
        "id": "01FTRCCW0KSJ2TCDK1A40GNYZQ",
        "note": null,
        "onhandQuantity": {
          "hasNumericalValue": 0,
          "hasUnit": {
            "id": "01FTRCAM60JNKH6VG7B09KRFDB",
            "label": "u_piece",
            "symbol": "om2:one"
          }
        },
        "primaryAccountable": {
          "displayUsername": "@AGENT_CLS",
          "id": "01FP0977GR6Q85R2TQP8FDYE1G",
          "name": "AGENT_CLS"
        },
        "resourceName": "Gown",
        "trackingIdentifier": null
      },
      "resourceQuantity": {
        "hasNumericalValue": 1,
        "hasUnit": {
          "id": "01FTRCAM60JNKH6VG7B09KRFDB",
          "label": "u_piece",
          "symbol": "om2:one"
        }
      }
    }
  ]
}
